<?xml version="1.0" encoding="UTF-8"?>
<testsuite name="com.quotes.api.ApplicationTests" tests="1" skipped="0" failures="0" errors="0" timestamp="2022-03-06T22:05:04" hostname="CO0C02F78QCMD6M" time="0.262">
  <properties/>
  <testcase name="contextLoads()" classname="com.quotes.api.ApplicationTests" time="0.262"/>
  <system-out><![CDATA[17:05:01.984 [Test worker] DEBUG org.springframework.test.context.BootstrapUtils - Instantiating CacheAwareContextLoaderDelegate from class [org.springframework.test.context.cache.DefaultCacheAwareContextLoaderDelegate]
17:05:01.994 [Test worker] DEBUG org.springframework.test.context.BootstrapUtils - Instantiating BootstrapContext using constructor [public org.springframework.test.context.support.DefaultBootstrapContext(java.lang.Class,org.springframework.test.context.CacheAwareContextLoaderDelegate)]
17:05:02.020 [Test worker] DEBUG org.springframework.test.context.BootstrapUtils - Instantiating TestContextBootstrapper for test class [com.quotes.api.ApplicationTests] from class [org.springframework.boot.test.context.SpringBootTestContextBootstrapper]
17:05:02.029 [Test worker] INFO org.springframework.boot.test.context.SpringBootTestContextBootstrapper - Neither @ContextConfiguration nor @ContextHierarchy found for test class [com.quotes.api.ApplicationTests], using SpringBootContextLoader
17:05:02.032 [Test worker] DEBUG org.springframework.test.context.support.AbstractContextLoader - Did not detect default resource location for test class [com.quotes.api.ApplicationTests]: class path resource [com/quotes/api/ApplicationTests-context.xml] does not exist
17:05:02.033 [Test worker] DEBUG org.springframework.test.context.support.AbstractContextLoader - Did not detect default resource location for test class [com.quotes.api.ApplicationTests]: class path resource [com/quotes/api/ApplicationTestsContext.groovy] does not exist
17:05:02.033 [Test worker] INFO org.springframework.test.context.support.AbstractContextLoader - Could not detect default resource locations for test class [com.quotes.api.ApplicationTests]: no resource found for suffixes {-context.xml, Context.groovy}.
17:05:02.034 [Test worker] INFO org.springframework.test.context.support.AnnotationConfigContextLoaderUtils - Could not detect default configuration classes for test class [com.quotes.api.ApplicationTests]: ApplicationTests does not declare any static, non-private, non-final, nested classes annotated with @Configuration.
17:05:02.073 [Test worker] DEBUG org.springframework.test.context.support.ActiveProfilesUtils - Could not find an 'annotation declaring class' for annotation type [org.springframework.test.context.ActiveProfiles] and class [com.quotes.api.ApplicationTests]
17:05:02.110 [Test worker] DEBUG org.springframework.context.annotation.ClassPathScanningCandidateComponentProvider - Identified candidate component class: file [/Users/mangomez/Repos/Personal/Quotes/quotes-api/build/classes/java/main/com/quotes/api/Application.class]
17:05:02.110 [Test worker] INFO org.springframework.boot.test.context.SpringBootTestContextBootstrapper - Found @SpringBootConfiguration com.quotes.api.Application for test class com.quotes.api.ApplicationTests
17:05:02.170 [Test worker] DEBUG org.springframework.boot.test.context.SpringBootTestContextBootstrapper - @TestExecutionListeners is not present for class [com.quotes.api.ApplicationTests]: using defaults.
17:05:02.170 [Test worker] INFO org.springframework.boot.test.context.SpringBootTestContextBootstrapper - Loaded default TestExecutionListener class names from location [META-INF/spring.factories]: [org.springframework.boot.test.autoconfigure.restdocs.RestDocsTestExecutionListener, org.springframework.boot.test.autoconfigure.web.client.MockRestServiceServerResetTestExecutionListener, org.springframework.boot.test.autoconfigure.web.servlet.MockMvcPrintOnlyOnFailureTestExecutionListener, org.springframework.boot.test.autoconfigure.web.servlet.WebDriverTestExecutionListener, org.springframework.boot.test.autoconfigure.webservices.client.MockWebServiceServerTestExecutionListener, org.springframework.boot.test.mock.mockito.MockitoTestExecutionListener, org.springframework.boot.test.mock.mockito.ResetMocksTestExecutionListener, org.springframework.test.context.web.ServletTestExecutionListener, org.springframework.test.context.support.DirtiesContextBeforeModesTestExecutionListener, org.springframework.test.context.event.ApplicationEventsTestExecutionListener, org.springframework.test.context.support.DependencyInjectionTestExecutionListener, org.springframework.test.context.support.DirtiesContextTestExecutionListener, org.springframework.test.context.transaction.TransactionalTestExecutionListener, org.springframework.test.context.jdbc.SqlScriptsTestExecutionListener, org.springframework.test.context.event.EventPublishingTestExecutionListener]
17:05:02.182 [Test worker] INFO org.springframework.boot.test.context.SpringBootTestContextBootstrapper - Using TestExecutionListeners: [org.springframework.test.context.web.ServletTestExecutionListener@2af616d3, org.springframework.test.context.support.DirtiesContextBeforeModesTestExecutionListener@71f67a79, org.springframework.test.context.event.ApplicationEventsTestExecutionListener@3deb2326, org.springframework.boot.test.mock.mockito.MockitoTestExecutionListener@62d363ab, org.springframework.boot.test.autoconfigure.SpringBootDependencyInjectionTestExecutionListener@7889a1ac, org.springframework.test.context.support.DirtiesContextTestExecutionListener@3aee3976, org.springframework.test.context.transaction.TransactionalTestExecutionListener@5ef8df1e, org.springframework.test.context.jdbc.SqlScriptsTestExecutionListener@27cf3151, org.springframework.test.context.event.EventPublishingTestExecutionListener@127e70c5, org.springframework.boot.test.autoconfigure.restdocs.RestDocsTestExecutionListener@5910de75, org.springframework.boot.test.autoconfigure.web.client.MockRestServiceServerResetTestExecutionListener@4108fa66, org.springframework.boot.test.autoconfigure.web.servlet.MockMvcPrintOnlyOnFailureTestExecutionListener@1f130eaf, org.springframework.boot.test.autoconfigure.web.servlet.WebDriverTestExecutionListener@7e0aadd0, org.springframework.boot.test.autoconfigure.webservices.client.MockWebServiceServerTestExecutionListener@21362712, org.springframework.boot.test.mock.mockito.ResetMocksTestExecutionListener@27eb3298]
17:05:02.185 [Test worker] DEBUG org.springframework.test.context.support.AbstractDirtiesContextTestExecutionListener - Before test class: context [DefaultTestContext@76318a7d testClass = ApplicationTests, testInstance = [null], testMethod = [null], testException = [null], mergedContextConfiguration = [WebMergedContextConfiguration@2a492f2a testClass = ApplicationTests, locations = '{}', classes = '{class com.quotes.api.Application}', contextInitializerClasses = '[]', activeProfiles = '{}', propertySourceLocations = '{}', propertySourceProperties = '{org.springframework.boot.test.context.SpringBootTestContextBootstrapper=true}', contextCustomizers = set[org.springframework.boot.test.autoconfigure.actuate.metrics.MetricsExportContextCustomizerFactory$DisableMetricExportContextCustomizer@119020fb, org.springframework.boot.test.autoconfigure.properties.PropertyMappingContextCustomizer@0, org.springframework.boot.test.autoconfigure.web.servlet.WebDriverContextCustomizerFactory$Customizer@5ddea849, org.springframework.boot.test.context.filter.ExcludeFilterContextCustomizer@13e547a9, org.springframework.boot.test.json.DuplicateJsonObjectContextCustomizerFactory$DuplicateJsonObjectContextCustomizer@349c1daf, org.springframework.boot.test.mock.mockito.MockitoContextCustomizer@0, org.springframework.boot.test.web.client.TestRestTemplateContextCustomizer@68ad99fe, org.springframework.boot.test.context.SpringBootTestArgs@1, org.springframework.boot.test.context.SpringBootTestWebEnvironment@475c9c31], resourceBasePath = 'src/main/webapp', contextLoader = 'org.springframework.boot.test.context.SpringBootContextLoader', parent = [null]], attributes = map['org.springframework.test.context.web.ServletTestExecutionListener.activateListener' -> true]], class annotated with @DirtiesContext [false] with mode [null].
17:05:02.204 [Test worker] DEBUG org.springframework.test.context.support.TestPropertySourceUtils - Adding inlined properties to environment: {spring.jmx.enabled=false, org.springframework.boot.test.context.SpringBootTestContextBootstrapper=true}

  .   ____          _            __ _ _
 /\\ / ___'_ __ _ _(_)_ __  __ _ \ \ \ \
( ( )\___ | '_ | '_| | '_ \/ _` | \ \ \ \
 \\/  ___)| |_)| | | | | || (_| |  ) ) ) )
  '  |____| .__|_| |_|_| |_\__, | / / / /
 =========|_|==============|___/=/_/_/_/
 :: Spring Boot ::                (v2.5.5)

2022-03-06 17:05:02.384  INFO 12317 --- [    Test worker] com.quotes.api.ApplicationTests          : Starting ApplicationTests using Java 11.0.12 on CO0C02F78QCMD6M with PID 12317 (started by mangomez in /Users/mangomez/Repos/Personal/Quotes/quotes-api)
2022-03-06 17:05:02.385  INFO 12317 --- [    Test worker] com.quotes.api.ApplicationTests          : No active profile set, falling back to default profiles: default
2022-03-06 17:05:02.781  INFO 12317 --- [    Test worker] .s.d.r.c.RepositoryConfigurationDelegate : Bootstrapping Spring Data MongoDB repositories in DEFAULT mode.
2022-03-06 17:05:02.814  INFO 12317 --- [    Test worker] .s.d.r.c.RepositoryConfigurationDelegate : Finished Spring Data repository scanning in 29 ms. Found 1 MongoDB repository interfaces.
2022-03-06 17:05:03.251  INFO 12317 --- [    Test worker] org.mongodb.driver.cluster               : Cluster created with settings {hosts=[127.0.0.1:27017], srvHost=quotes-cluster.0lj6f.mongodb.net, mode=MULTIPLE, requiredClusterType=REPLICA_SET, serverSelectionTimeout='30000 ms', requiredReplicaSetName='atlas-6oh2cp-shard-0'}
2022-03-06 17:05:03.360  INFO 12317 --- [j6f.mongodb.net] org.mongodb.driver.cluster               : Adding discovered server quotes-cluster-shard-00-02.0lj6f.mongodb.net:27017 to client view of cluster
2022-03-06 17:05:03.379  INFO 12317 --- [j6f.mongodb.net] org.mongodb.driver.cluster               : Adding discovered server quotes-cluster-shard-00-00.0lj6f.mongodb.net:27017 to client view of cluster
2022-03-06 17:05:03.379  INFO 12317 --- [j6f.mongodb.net] org.mongodb.driver.cluster               : Adding discovered server quotes-cluster-shard-00-01.0lj6f.mongodb.net:27017 to client view of cluster
2022-03-06 17:05:04.068  INFO 12317 --- [    Test worker] com.quotes.api.ApplicationTests          : Started ApplicationTests in 1.851 seconds (JVM running for 2.666)
2022-03-06 17:05:04.192  INFO 12317 --- [ngodb.net:27017] org.mongodb.driver.connection            : Opened connection [connectionId{localValue:1, serverValue:347123}] to quotes-cluster-shard-00-02.0lj6f.mongodb.net:27017
2022-03-06 17:05:04.192  INFO 12317 --- [ngodb.net:27017] org.mongodb.driver.connection            : Opened connection [connectionId{localValue:2, serverValue:347005}] to quotes-cluster-shard-00-02.0lj6f.mongodb.net:27017
2022-03-06 17:05:04.197  INFO 12317 --- [ngodb.net:27017] org.mongodb.driver.cluster               : Monitor thread successfully connected to server with description ServerDescription{address=quotes-cluster-shard-00-02.0lj6f.mongodb.net:27017, type=REPLICA_SET_PRIMARY, state=CONNECTED, ok=true, minWireVersion=0, maxWireVersion=13, maxDocumentSize=16777216, logicalSessionTimeoutMinutes=30, roundTripTimeNanos=461890468, setName='atlas-6oh2cp-shard-0', canonicalAddress=quotes-cluster-shard-00-02.0lj6f.mongodb.net:27017, hosts=[quotes-cluster-shard-00-02.0lj6f.mongodb.net:27017, quotes-cluster-shard-00-01.0lj6f.mongodb.net:27017, quotes-cluster-shard-00-00.0lj6f.mongodb.net:27017], passives=[], arbiters=[], primary='quotes-cluster-shard-00-02.0lj6f.mongodb.net:27017', tagSet=TagSet{[Tag{name='nodeType', value='ELECTABLE'}, Tag{name='provider', value='GCP'}, Tag{name='region', value='CENTRAL_US'}, Tag{name='workloadType', value='OPERATIONAL'}]}, electionId=7fffffff0000000000000083, setVersion=8, topologyVersion=TopologyVersion{processId=62164cdacd36672237003710, counter=6}, lastWriteDate=Sun Mar 06 17:05:04 COT 2022, lastUpdateTimeNanos=21036353159360}
2022-03-06 17:05:04.198  INFO 12317 --- [ngodb.net:27017] org.mongodb.driver.cluster               : Setting max election id to 7fffffff0000000000000083 from replica set primary quotes-cluster-shard-00-02.0lj6f.mongodb.net:27017
2022-03-06 17:05:04.198  INFO 12317 --- [ngodb.net:27017] org.mongodb.driver.cluster               : Setting max set version to 8 from replica set primary quotes-cluster-shard-00-02.0lj6f.mongodb.net:27017
2022-03-06 17:05:04.198  INFO 12317 --- [ngodb.net:27017] org.mongodb.driver.cluster               : Discovered replica set primary quotes-cluster-shard-00-02.0lj6f.mongodb.net:27017
]]></system-out>
  <system-err><![CDATA[]]></system-err>
</testsuite>
